[debug] [2021-08-31T11:24:48.402Z] ----------------------------------------------------------------------
[debug] [2021-08-31T11:24:48.405Z] Command:       /usr/local/bin/node /usr/local/bin/firebase init hosting:github
[debug] [2021-08-31T11:24:48.405Z] CLI Version:   9.12.0
[debug] [2021-08-31T11:24:48.406Z] Platform:      linux
[debug] [2021-08-31T11:24:48.406Z] Node Version:  v16.3.0
[debug] [2021-08-31T11:24:48.406Z] Time:          Tue Aug 31 2021 16:54:48 GMT+0530 (India Standard Time)
[debug] [2021-08-31T11:24:48.407Z] ----------------------------------------------------------------------
[debug] 
[debug] [2021-08-31T11:24:48.414Z] > command requires scopes: ["email","openid","https://www.googleapis.com/auth/cloudplatformprojects.readonly","https://www.googleapis.com/auth/firebase","https://www.googleapis.com/auth/cloud-platform"]
[debug] [2021-08-31T11:24:48.415Z] > authorizing via signed-in user (app.pranksbank@gmail.com)
[info] 
     ######## #### ########  ######## ########     ###     ######  ########
     ##        ##  ##     ## ##       ##     ##  ##   ##  ##       ##
     ######    ##  ########  ######   ########  #########  ######  ######
     ##        ##  ##    ##  ##       ##     ## ##     ##       ## ##
     ##       #### ##     ## ######## ########  ##     ##  ######  ########

You're about to initialize a Firebase project in this directory:

  /home/naveen/e-classroom_beta_0.1.3

Before we get started, keep in mind:

  * You are initializing in an existing Firebase project directory

[info] 
=== Project Setup
[info] 
[info] First, let's associate this project directory with a Firebase project.
[info] You can create multiple project aliases by running firebase use --add, 
[info] but for now we'll just set up a default project.
[info] 
[info] i  .firebaserc already has a default project, using rtcsignalling-63cad. 
[debug] [2021-08-31T11:24:48.428Z] > refreshing access token with scopes: []
[debug] [2021-08-31T11:24:48.429Z] >>> HTTP REQUEST POST https://www.googleapis.com/oauth2/v3/token  
 <request body omitted>
[debug] [2021-08-31T11:24:48.940Z] <<< HTTP RESPONSE 200 {"date":"Tue, 31 Aug 2021 11:24:48 GMT","pragma":"no-cache","expires":"Mon, 01 Jan 1990 00:00:00 GMT","cache-control":"no-cache, no-store, max-age=0, must-revalidate","content-type":"application/json; charset=utf-8","vary":"X-Origin, Referer, Origin,Accept-Encoding","server":"scaffolding on HTTPServer2","x-xss-protection":"0","x-frame-options":"SAMEORIGIN","x-content-type-options":"nosniff","alt-svc":"h3=\":443\"; ma=2592000,h3-29=\":443\"; ma=2592000,h3-T051=\":443\"; ma=2592000,h3-Q050=\":443\"; ma=2592000,h3-Q046=\":443\"; ma=2592000,h3-Q043=\":443\"; ma=2592000,quic=\":443\"; ma=2592000; v=\"46,43\"","accept-ranges":"none","transfer-encoding":"chunked"}
[debug] [2021-08-31T11:24:49.064Z] >>> [apiv2][query] GET https://firebase.googleapis.com/v1beta1/projects/rtcsignalling-63cad [none]
[debug] [2021-08-31T11:24:49.542Z] <<< [apiv2][status] GET https://firebase.googleapis.com/v1beta1/projects/rtcsignalling-63cad 200
[debug] [2021-08-31T11:24:49.543Z] <<< [apiv2][body] GET https://firebase.googleapis.com/v1beta1/projects/rtcsignalling-63cad {"projectId":"rtcsignalling-63cad","projectNumber":"332227590190","displayName":"Classroom-stable-v-1","name":"projects/rtcsignalling-63cad","resources":{"hostingSite":"rtcsignalling-63cad","realtimeDatabaseInstance":"rtcsignalling-63cad-default-rtdb","storageBucket":"rtcsignalling-63cad.appspot.com","locationId":"asia-southeast2"},"state":"ACTIVE"}
[info] 
=== Hosting:github Setup
[info] 
[info] i  Detected a .git folder at /home/naveen/e-classroom_beta_0.1.3 
[info] i  Authorizing with GitHub to upload your service account to a GitHub repository's secrets store. 
[info] 
[info] Visit this URL on this device to log in:
[info] https://github.com/login/oauth/authorize?client_id=89cf50f02ac6aaed3484&state=760007177&redirect_uri=http%3A%2F%2Flocalhost%3A9005&scope=read%3Auser%20repo%20public_repo
[info] 
[info] Waiting for authentication...
[debug] [2021-08-31T11:24:50.460Z] >>> HTTP REQUEST POST https://github.com/login/oauth/access_token  
 {"client_id":"89cf50f02ac6aaed3484","client_secret":"3330d14abc895d9a74d5f17cd7a00711fa2c5bf0","code":"8959002e87b74bf86079","redirect_uri":"http://localhost:9005","state":"760007177"}
[debug] [2021-08-31T11:24:51.501Z] <<< HTTP RESPONSE 200 {"server":"GitHub.com","date":"Tue, 31 Aug 2021 11:24:51 GMT","content-type":"application/json; charset=utf-8","transfer-encoding":"chunked","vary":"X-PJAX, X-PJAX-Container, Accept-Encoding, Accept, X-Requested-With","permissions-policy":"interest-cohort=()","etag":"W/\"1424e7cb41eb96bd42b09a58b62cc7e5\"","cache-control":"max-age=0, private, must-revalidate","strict-transport-security":"max-age=31536000; includeSubdomains; preload","x-frame-options":"deny","x-content-type-options":"nosniff","x-xss-protection":"0","referrer-policy":"origin-when-cross-origin, strict-origin-when-cross-origin","expect-ct":"max-age=2592000, report-uri=\"https://api.github.com/_private/browser/errors\"","content-security-policy":"default-src 'none'; base-uri 'self'; block-all-mixed-content; connect-src 'self' uploads.github.com www.githubstatus.com collector.githubapp.com api.github.com github-cloud.s3.amazonaws.com github-production-repository-file-5c1aeb.s3.amazonaws.com github-production-upload-manifest-file-7fdce7.s3.amazonaws.com github-production-user-asset-6210df.s3.amazonaws.com cdn.optimizely.com logx.optimizely.com/v1/events translator.github.com wss://alive.github.com; font-src github.githubassets.com; form-action 'self' github.com gist.github.com; frame-ancestors 'none'; frame-src render.githubusercontent.com viewscreen.githubusercontent.com; img-src 'self' data: github.githubassets.com identicons.github.com collector.githubapp.com github-cloud.s3.amazonaws.com secured-user-images.githubusercontent.com/ *.githubusercontent.com; manifest-src 'self'; media-src 'none'; script-src github.githubassets.com; style-src 'unsafe-inline' github.githubassets.com; worker-src github.com/socket-worker-b05e50fc.js gist.github.com/socket-worker-b05e50fc.js","x-github-request-id":"71BA:14FC:1C7D99:423061:612E1182"}
[debug] [2021-08-31T11:24:51.509Z] >>> [apiv2][query] GET https://api.github.com/user [none]
[debug] [2021-08-31T11:24:52.326Z] <<< [apiv2][status] GET https://api.github.com/user 200
[debug] [2021-08-31T11:24:52.327Z] <<< [apiv2][body] GET https://api.github.com/user {"login":"js-simp","id":85896400,"node_id":"MDQ6VXNlcjg1ODk2NDAw","avatar_url":"https://avatars.githubusercontent.com/u/85896400?v=4","gravatar_id":"","url":"https://api.github.com/users/js-simp","html_url":"https://github.com/js-simp","followers_url":"https://api.github.com/users/js-simp/followers","following_url":"https://api.github.com/users/js-simp/following{/other_user}","gists_url":"https://api.github.com/users/js-simp/gists{/gist_id}","starred_url":"https://api.github.com/users/js-simp/starred{/owner}{/repo}","subscriptions_url":"https://api.github.com/users/js-simp/subscriptions","organizations_url":"https://api.github.com/users/js-simp/orgs","repos_url":"https://api.github.com/users/js-simp/repos","events_url":"https://api.github.com/users/js-simp/events{/privacy}","received_events_url":"https://api.github.com/users/js-simp/received_events","type":"User","site_admin":false,"name":null,"company":null,"blog":"","location":null,"email":null,"hireable":null,"bio":null,"twitter_username":null,"public_repos":1,"public_gists":0,"followers":0,"following":0,"created_at":"2021-06-14T17:05:50Z","updated_at":"2021-08-30T05:54:29Z","private_gists":0,"total_private_repos":3,"owned_private_repos":3,"disk_usage":2860,"collaborators":1,"two_factor_authentication":false,"plan":{"name":"free","space":976562499,"collaborators":0,"private_repos":10000}}
[info] 
[info] ✔  Success! Logged into GitHub as js-simp 
[info] 
